<?xml version="1.0" encoding="UTF-8"?>
<!-- Generated by org.testng.reporters.JUnitReportReporter -->
<testsuite hostname="DESKTOP-UT36VCE" failures="0" tests="1" name="Testpkg.testclass" time="4.710" errors="0" timestamp="2025-02-13T17:42:59 IST" skipped="0">
  <testcase classname="Testpkg.testclass" name="test" time="4.710"/>
  <system-out/>
</testsuite> <!-- Testpkg.testclass -->
